2025-06-04 19:11:09,196 - INFO - Starting the application
2025-06-04 19:11:21,926 - INFO - User admin authenticated successfully.
2025-06-04 19:11:26,695 - INFO - Campos de fecha detectados: ['RETFEC', 'FECHAPROG', 'FECHAING', 'F_INST', 'F_RECLAMO']
2025-06-04 19:11:26,695 - INFO - Campos lógicos detectados: ['MASIVO']
2025-06-04 19:11:27,377 - INFO - Datos cargados correctamente desde C:/Users/CRISTOPHER/Desktop/GASELAG_430.dbf. Dimensiones: (10188, 47)
2025-06-04 19:11:27,385 - INFO - Primeras filas de los campos de fecha:
       RETFEC   FECHAPROG    FECHAING      F_INST   F_RECLAMO
0  16/05/2025  19/05/2025  09/05/2025  30/01/2020  09/05/2025
1  16/05/2025  19/05/2025  09/05/2025  03/07/2020  09/05/2025
2  16/05/2025  19/05/2025  09/05/2025  03/07/2020  09/05/2025
3  16/05/2025  19/05/2025  09/05/2025  03/07/2020  09/05/2025
4  16/05/2025  19/05/2025  09/05/2025  03/07/2020  09/05/2025
2025-06-04 19:11:27,387 - INFO - Primeras filas de los campos lógicos:
   MASIVO
0    True
1    True
2    True
3    True
4    True
2025-06-04 19:11:27,394 - INFO - Cargando filas progresivamente...
2025-06-04 19:11:40,252 - INFO - Carga completada: 10188 filas cargadas en el Treeview
2025-06-04 19:11:40,252 - INFO - Ajustando columnas según contenido...
